2016-05-12 08:41:00 trace :
------------
String:
<xml><ToUserName><![CDATA[toUser]]></ToUserName><FromUserName><![CDATA[fromUser]]></FromUserName><CreateTime>1463013665</CreateTime><MsgType><![CDATA[text]]></MsgType><Content><![CDATA[测试内容]]></Content><MsgId>1234567890123456</MsgId></xml>

2016-05-12 08:41:00 params :
------------
Array:
rule : -2 ;
module :  ;
message : Array ;

2016-05-12 08:41:00 response :
------------

2016-05-12 08:41:08 trace :
------------
String:
<xml><ToUserName><![CDATA[toUser]]></ToUserName><FromUserName><![CDATA[fromUser]]></FromUserName><CreateTime>1463013673</CreateTime><MsgType><![CDATA[text]]></MsgType><Content><![CDATA[测试内容]]></Content><MsgId>1234567890123456</MsgId></xml>

2016-05-12 08:41:08 params :
------------
Array:
rule : -2 ;
module :  ;
message : Array ;

2016-05-12 08:41:08 response :
------------

